<?xml version="1.0" encoding="UTF-8"?>
<testng-results skipped="0" failed="0" ignored="0" total="1" passed="1">
  <reporter-output>
  </reporter-output>
  <suite name="Suite" duration-ms="5964" started-at="2017-12-15T13:50:57Z" finished-at="2017-12-15T13:51:03Z">
    <groups>
    </groups>
    <test name="Test" duration-ms="5964" started-at="2017-12-15T13:50:57Z" finished-at="2017-12-15T13:51:03Z">
      <class name="com.plivo.sendMessage.SendMessageTest">
        <test-method status="PASS" signature="setupSendMessageTest()[pri:0, instance:com.plivo.sendMessage.SendMessageTest@21bcffb5]" name="setupSendMessageTest" is-config="true" duration-ms="537" started-at="2017-12-15T19:20:57Z" finished-at="2017-12-15T19:20:58Z">
          <reporter-output>
          </reporter-output>
        </test-method> <!-- setupSendMessageTest -->
        <test-method status="PASS" signature="verifySMSDelivery(java.lang.String)[pri:0, instance:com.plivo.sendMessage.SendMessageTest@21bcffb5]" name="verifySMSDelivery" duration-ms="5411" started-at="2017-12-15T19:20:58Z" finished-at="2017-12-15T19:21:03Z">
          <params>
            <param index="0">
              <value>
                <![CDATA[src:13252080157;dst:13252080160;text:This is test]]>
              </value>
            </param>
          </params>
          <reporter-output>
          </reporter-output>
        </test-method> <!-- verifySMSDelivery -->
      </class> <!-- com.plivo.sendMessage.SendMessageTest -->
    </test> <!-- Test -->
  </suite> <!-- Suite -->
</testng-results>
