<?xml version="1.0" encoding="UTF-8"?>
<testng-results skipped="0" failed="0" ignored="0" total="1" passed="1">
  <reporter-output>
  </reporter-output>
  <suite name="Suite" duration-ms="6073" started-at="2017-12-15T03:44:38Z" finished-at="2017-12-15T03:44:44Z">
    <groups>
    </groups>
    <test name="Test" duration-ms="6073" started-at="2017-12-15T03:44:38Z" finished-at="2017-12-15T03:44:44Z">
      <class name="com.plivo.sendMessage.SendMessageTest">
        <test-method status="PASS" signature="setupSendMessageTest()[pri:0, instance:com.plivo.sendMessage.SendMessageTest@cb5822]" name="setupSendMessageTest" is-config="true" duration-ms="543" started-at="2017-12-15T09:14:38Z" finished-at="2017-12-15T09:14:39Z">
          <reporter-output>
          </reporter-output>
        </test-method> <!-- setupSendMessageTest -->
        <test-method status="PASS" signature="verifySMSDelivery(java.lang.String)[pri:0, instance:com.plivo.sendMessage.SendMessageTest@cb5822]" name="verifySMSDelivery" duration-ms="5498" started-at="2017-12-15T09:14:39Z" finished-at="2017-12-15T09:14:44Z">
          <params>
            <param index="0">
              <value>
                <![CDATA[src:13252080157;dst:13252080160;text:This is test]]>
              </value>
            </param>
          </params>
          <reporter-output>
          </reporter-output>
        </test-method> <!-- verifySMSDelivery -->
      </class> <!-- com.plivo.sendMessage.SendMessageTest -->
    </test> <!-- Test -->
  </suite> <!-- Suite -->
</testng-results>
